# JRE version: Java(TM) SE Runtime Environment (7.0_79-b15) (build 1.7.0_79-b15)
# Java VM: Java HotSpot(TM) Server VM (24.79-b02 mixed mode linux-x86 )
Heap
 PSYoungGen      total 72960K, used 9215K [0x9dfc0000, 0xa30c0000, 0xb3540000)
  eden space 63744K, 0% used [0x9dfc0000,0x9dfc0000,0xa1e00000)
  from space 9216K, 99% used [0xa1e00000,0xa26ffe90,0xa2700000)
  to   space 8448K, 0% used [0xa2700000,0xa2700000,0xa2f40000)
 ParOldGen       total 42240K, used 20810K [0x73540000, 0x75e80000, 0x9dfc0000)
  object space 42240K, 49% used [0x73540000,0x749928e8,0x75e80000)
 PSPermGen       total 16384K, used 3967K [0x6f540000, 0x70540000, 0x73540000)
  object space 16384K, 24% used [0x6f540000,0x6f91fc38,0x70540000)
GC Heap History (10 events):
Event: 2,671 GC heap after
Heap after GC invocations=2 (full 0):
 PSYoungGen      total 18688K, used 2547K [0x9dfc0000, 0xa0440000, 0xb3540000)
  eden space 16128K, 0% used [0x9dfc0000,0x9dfc0000,0x9ef80000)
  from space 2560K, 99% used [0x9f200000,0x9f47cc80,0x9f480000)
  to   space 2560K, 0% used [0x9ef80000,0x9ef80000,0x9f200000)
 ParOldGen       total 42240K, used 2598K [0x73540000, 0x75e80000, 0x9dfc0000)
  object space 42240K, 6% used [0x73540000,0x737c9aa8,0x75e80000)
 PSPermGen       total 16384K, used 3859K [0x6f540000, 0x70540000, 0x73540000)
  object space 16384K, 23% used [0x6f540000,0x6f904f48,0x70540000)
}
Event: 4,595 GC heap before
{Heap before GC invocations=3 (full 0):
 PSYoungGen      total 18688K, used 18675K [0x9dfc0000, 0xa0440000, 0xb3540000)
  eden space 16128K, 100% used [0x9dfc0000,0x9ef80000,0x9ef80000)
  from space 2560K, 99% used [0x9f200000,0x9f47cc80,0x9f480000)
  to   space 2560K, 0% used [0x9ef80000,0x9ef80000,0x9f200000)
 ParOldGen       total 42240K, used 2598K [0x73540000, 0x75e80000, 0x9dfc0000)
  object space 42240K, 6% used [0x73540000,0x737c9aa8,0x75e80000)
 PSPermGen       total 16384K, used 3886K [0x6f540000, 0x70540000, 0x73540000)
  object space 16384K, 23% used [0x6f540000,0x6f90b978,0x70540000)
Event: 4,655 GC heap after
Heap after GC invocations=3 (full 0):
 PSYoungGen      total 18688K, used 2555K [0x9dfc0000, 0xa0440000, 0xb3540000)
  eden space 16128K, 0% used [0x9dfc0000,0x9dfc0000,0x9ef80000)
  from space 2560K, 99% used [0x9ef80000,0x9f1fec70,0x9f200000)
  to   space 2560K, 0% used [0xa01c0000,0xa01c0000,0xa0440000)
 ParOldGen       total 42240K, used 5010K [0x73540000, 0x75e80000, 0x9dfc0000)
  object space 42240K, 11% used [0x73540000,0x73a24a28,0x75e80000)
 PSPermGen       total 16384K, used 3886K [0x6f540000, 0x70540000, 0x73540000)
  object space 16384K, 23% used [0x6f540000,0x6f90b978,0x70540000)
}
Event: 5,423 GC heap before
{Heap before GC invocations=4 (full 0):
 PSYoungGen      total 18688K, used 18683K [0x9dfc0000, 0xa0440000, 0xb3540000)
  eden space 16128K, 100% used [0x9dfc0000,0x9ef80000,0x9ef80000)
  from space 2560K, 99% used [0x9ef80000,0x9f1fec70,0x9f200000)
  to   space 2560K, 0% used [0xa01c0000,0xa01c0000,0xa0440000)
 ParOldGen       total 42240K, used 5010K [0x73540000, 0x75e80000, 0x9dfc0000)
  object space 42240K, 11% used [0x73540000,0x73a24a28,0x75e80000)
 PSPermGen       total 16384K, used 3908K [0x6f540000, 0x70540000, 0x73540000)
  object space 16384K, 23% used [0x6f540000,0x6f911340,0x70540000)
Event: 5,508 GC heap after
Heap after GC invocations=4 (full 0):
 PSYoungGen      total 34816K, used 2555K [0x9dfc0000, 0xa0440000, 0xb3540000)
  eden space 32256K, 0% used [0x9dfc0000,0x9dfc0000,0x9ff40000)
  from space 2560K, 99% used [0xa01c0000,0xa043ec70,0xa0440000)
  to   space 2560K, 0% used [0x9ff40000,0x9ff40000,0xa01c0000)
 ParOldGen       total 42240K, used 8085K [0x73540000, 0x75e80000, 0x9dfc0000)
  object space 42240K, 19% used [0x73540000,0x73d25520,0x75e80000)
 PSPermGen       total 16384K, used 3908K [0x6f540000, 0x70540000, 0x73540000)
  object space 16384K, 23% used [0x6f540000,0x6f911340,0x70540000)
}
Event: 8,267 GC heap before
{Heap before GC invocations=5 (full 0):
 PSYoungGen      total 34816K, used 34811K [0x9dfc0000, 0xa0440000, 0xb3540000)
  eden space 32256K, 100% used [0x9dfc0000,0x9ff40000,0x9ff40000)
  from space 2560K, 99% used [0xa01c0000,0xa043ec70,0xa0440000)
  to   space 2560K, 0% used [0x9ff40000,0x9ff40000,0xa01c0000)
 ParOldGen       total 42240K, used 8085K [0x73540000, 0x75e80000, 0x9dfc0000)
  object space 42240K, 19% used [0x73540000,0x73d25520,0x75e80000)
 PSPermGen       total 16384K, used 3932K [0x6f540000, 0x70540000, 0x73540000)
  object space 16384K, 24% used [0x6f540000,0x6f9172a0,0x70540000)
Event: 8,415 GC heap after
Heap after GC invocations=5 (full 0):
 PSYoungGen      total 34816K, used 2551K [0x9dfc0000, 0xa2f40000, 0xb3540000)
  eden space 32256K, 0% used [0x9dfc0000,0x9dfc0000,0x9ff40000)
  from space 2560K, 99% used [0x9ff40000,0xa01bdfa8,0xa01c0000)
  to   space 8448K, 0% used [0xa2700000,0xa2700000,0xa2f40000)
 ParOldGen       total 42240K, used 13451K [0x73540000, 0x75e80000, 0x9dfc0000)
  object space 42240K, 31% used [0x73540000,0x74262cc0,0x75e80000)
 PSPermGen       total 16384K, used 3932K [0x6f540000, 0x70540000, 0x73540000)
  object space 16384K, 24% used [0x6f540000,0x6f9172a0,0x70540000)
}
Event: 9,463 GC heap before
{Heap before GC invocations=6 (full 0):
 PSYoungGen      total 34816K, used 34807K [0x9dfc0000, 0xa2f40000, 0xb3540000)
  eden space 32256K, 100% used [0x9dfc0000,0x9ff40000,0x9ff40000)
  from space 2560K, 99% used [0x9ff40000,0xa01bdfa8,0xa01c0000)
  to   space 8448K, 0% used [0xa2700000,0xa2700000,0xa2f40000)
 ParOldGen       total 42240K, used 13451K [0x73540000, 0x75e80000, 0x9dfc0000)
  object space 42240K, 31% used [0x73540000,0x74262cc0,0x75e80000)
 PSPermGen       total 16384K, used 3942K [0x6f540000, 0x70540000, 0x73540000)
  object space 16384K, 24% used [0x6f540000,0x6f919848,0x70540000)
Event: 10,267 GC heap after
Heap after GC invocations=6 (full 0):
 PSYoungGen      total 72192K, used 7716K [0x9dfc0000, 0xa30c0000, 0xb3540000)
  eden space 63744K, 0% used [0x9dfc0000,0x9dfc0000,0xa1e00000)
  from space 8448K, 91% used [0xa2700000,0xa2e89228,0xa2f40000)
  to   space 9216K, 0% used [0xa1e00000,0xa1e00000,0xa2700000)
 ParOldGen       total 42240K, used 13451K [0x73540000, 0x75e80000, 0x9dfc0000)
  object space 42240K, 31% used [0x73540000,0x74262cc0,0x75e80000)
 PSPermGen       total 16384K, used 3942K [0x6f540000, 0x70540000, 0x73540000)
  object space 16384K, 24% used [0x6f540000,0x6f919848,0x70540000)
}
Event: 12,401 GC heap before
{Heap before GC invocations=7 (full 0):
 PSYoungGen      total 72192K, used 71460K [0x9dfc0000, 0xa30c0000, 0xb3540000)
  eden space 63744K, 100% used [0x9dfc0000,0xa1e00000,0xa1e00000)
  from space 8448K, 91% used [0xa2700000,0xa2e89228,0xa2f40000)
  to   space 9216K, 0% used [0xa1e00000,0xa1e00000,0xa2700000)
 ParOldGen       total 42240K, used 13451K [0x73540000, 0x75e80000, 0x9dfc0000)
  object space 42240K, 31% used [0x73540000,0x74262cc0,0x75e80000)
 PSPermGen       total 16384K, used 3967K [0x6f540000, 0x70540000, 0x73540000)
  object space 16384K, 24% used [0x6f540000,0x6f91fc38,0x70540000)

