# JRE version: Java(TM) SE Runtime Environment (7.0_79-b15) (build 1.7.0_79-b15)
# Java VM: Java HotSpot(TM) Server VM (24.79-b02 mixed mode linux-x86 )
Heap
 PSYoungGen      total 73728K, used 10486K [0x9df80000, 0xa3300000, 0xb3500000)
  eden space 63232K, 0% used [0x9df80000,0x9df80000,0xa1d40000)
  from space 10496K, 99% used [0xa1d40000,0xa277d940,0xa2780000)
  to   space 9216K, 0% used [0xa2780000,0xa2780000,0xa3080000)
 ParOldGen       total 42240K, used 20824K [0x73500000, 0x75e40000, 0x9df80000)
  object space 42240K, 49% used [0x73500000,0x74956240,0x75e40000)
 PSPermGen       total 16384K, used 3968K [0x6f500000, 0x70500000, 0x73500000)
  object space 16384K, 24% used [0x6f500000,0x6f8e0048,0x70500000)
GC Heap History (10 events):
Event: 27,783 GC heap after
Heap after GC invocations=2 (full 0):
 PSYoungGen      total 18688K, used 2557K [0x9df80000, 0xa0400000, 0xb3500000)
  eden space 16128K, 0% used [0x9df80000,0x9df80000,0x9ef40000)
  from space 2560K, 99% used [0x9f1c0000,0x9f43f490,0x9f440000)
  to   space 2560K, 0% used [0x9ef40000,0x9ef40000,0x9f1c0000)
 ParOldGen       total 42240K, used 1671K [0x73500000, 0x75e40000, 0x9df80000)
  object space 42240K, 3% used [0x73500000,0x736a1cb8,0x75e40000)
 PSPermGen       total 16384K, used 3807K [0x6f500000, 0x70500000, 0x73500000)
  object space 16384K, 23% used [0x6f500000,0x6f8b7c88,0x70500000)
}
Event: 29,530 GC heap before
{Heap before GC invocations=3 (full 0):
 PSYoungGen      total 18688K, used 18685K [0x9df80000, 0xa0400000, 0xb3500000)
  eden space 16128K, 100% used [0x9df80000,0x9ef40000,0x9ef40000)
  from space 2560K, 99% used [0x9f1c0000,0x9f43f490,0x9f440000)
  to   space 2560K, 0% used [0x9ef40000,0x9ef40000,0x9f1c0000)
 ParOldGen       total 42240K, used 1671K [0x73500000, 0x75e40000, 0x9df80000)
  object space 42240K, 3% used [0x73500000,0x736a1cb8,0x75e40000)
 PSPermGen       total 16384K, used 3879K [0x6f500000, 0x70500000, 0x73500000)
  object space 16384K, 23% used [0x6f500000,0x6f8c9f30,0x70500000)
Event: 29,606 GC heap after
Heap after GC invocations=3 (full 0):
 PSYoungGen      total 18688K, used 2558K [0x9df80000, 0xa0400000, 0xb3500000)
  eden space 16128K, 0% used [0x9df80000,0x9df80000,0x9ef40000)
  from space 2560K, 99% used [0x9ef40000,0x9f1bf890,0x9f1c0000)
  to   space 2560K, 0% used [0xa0180000,0xa0180000,0xa0400000)
 ParOldGen       total 42240K, used 4540K [0x73500000, 0x75e40000, 0x9df80000)
  object space 42240K, 10% used [0x73500000,0x7396f290,0x75e40000)
 PSPermGen       total 16384K, used 3879K [0x6f500000, 0x70500000, 0x73500000)
  object space 16384K, 23% used [0x6f500000,0x6f8c9f30,0x70500000)
}
Event: 30,900 GC heap before
{Heap before GC invocations=4 (full 0):
 PSYoungGen      total 18688K, used 18686K [0x9df80000, 0xa0400000, 0xb3500000)
  eden space 16128K, 100% used [0x9df80000,0x9ef40000,0x9ef40000)
  from space 2560K, 99% used [0x9ef40000,0x9f1bf890,0x9f1c0000)
  to   space 2560K, 0% used [0xa0180000,0xa0180000,0xa0400000)
 ParOldGen       total 42240K, used 4540K [0x73500000, 0x75e40000, 0x9df80000)
  object space 42240K, 10% used [0x73500000,0x7396f290,0x75e40000)
 PSPermGen       total 16384K, used 3905K [0x6f500000, 0x70500000, 0x73500000)
  object space 16384K, 23% used [0x6f500000,0x6f8d0570,0x70500000)
Event: 31,176 GC heap after
Heap after GC invocations=4 (full 0):
 PSYoungGen      total 34816K, used 2558K [0x9df80000, 0xa0400000, 0xb3500000)
  eden space 32256K, 0% used [0x9df80000,0x9df80000,0x9ff00000)
  from space 2560K, 99% used [0xa0180000,0xa03ff890,0xa0400000)
  to   space 2560K, 0% used [0x9ff00000,0x9ff00000,0xa0180000)
 ParOldGen       total 42240K, used 7147K [0x73500000, 0x75e40000, 0x9df80000)
  object space 42240K, 16% used [0x73500000,0x73bfaf20,0x75e40000)
 PSPermGen       total 16384K, used 3905K [0x6f500000, 0x70500000, 0x73500000)
  object space 16384K, 23% used [0x6f500000,0x6f8d0570,0x70500000)
}
Event: 37,520 GC heap before
{Heap before GC invocations=5 (full 0):
 PSYoungGen      total 34816K, used 34814K [0x9df80000, 0xa0400000, 0xb3500000)
  eden space 32256K, 100% used [0x9df80000,0x9ff00000,0x9ff00000)
  from space 2560K, 99% used [0xa0180000,0xa03ff890,0xa0400000)
  to   space 2560K, 0% used [0x9ff00000,0x9ff00000,0xa0180000)
 ParOldGen       total 42240K, used 7147K [0x73500000, 0x75e40000, 0x9df80000)
  object space 42240K, 16% used [0x73500000,0x73bfaf20,0x75e40000)
 PSPermGen       total 16384K, used 3926K [0x6f500000, 0x70500000, 0x73500000)
  object space 16384K, 23% used [0x6f500000,0x6f8d5920,0x70500000)
Event: 37,771 GC heap after
Heap after GC invocations=5 (full 0):
 PSYoungGen      total 34816K, used 2558K [0x9df80000, 0xa3080000, 0xb3500000)
  eden space 32256K, 0% used [0x9df80000,0x9df80000,0x9ff00000)
  from space 2560K, 99% used [0x9ff00000,0xa017f890,0xa0180000)
  to   space 9216K, 0% used [0xa2780000,0xa2780000,0xa3080000)
 ParOldGen       total 42240K, used 12264K [0x73500000, 0x75e40000, 0x9df80000)
  object space 42240K, 29% used [0x73500000,0x740fa110,0x75e40000)
 PSPermGen       total 16384K, used 3926K [0x6f500000, 0x70500000, 0x73500000)
  object space 16384K, 23% used [0x6f500000,0x6f8d5920,0x70500000)
}
Event: 40,251 GC heap before
{Heap before GC invocations=6 (full 0):
 PSYoungGen      total 34816K, used 34814K [0x9df80000, 0xa3080000, 0xb3500000)
  eden space 32256K, 100% used [0x9df80000,0x9ff00000,0x9ff00000)
  from space 2560K, 99% used [0x9ff00000,0xa017f890,0xa0180000)
  to   space 9216K, 0% used [0xa2780000,0xa2780000,0xa3080000)
 ParOldGen       total 42240K, used 12623K [0x73500000, 0x75e40000, 0x9df80000)
  object space 42240K, 29% used [0x73500000,0x74153f58,0x75e40000)
 PSPermGen       total 16384K, used 3938K [0x6f500000, 0x70500000, 0x73500000)
  object space 16384K, 24% used [0x6f500000,0x6f8d8800,0x70500000)
Event: 40,414 GC heap after
Heap after GC invocations=6 (full 0):
 PSYoungGen      total 72448K, used 8159K [0x9df80000, 0xa3300000, 0xb3500000)
  eden space 63232K, 0% used [0x9df80000,0x9df80000,0xa1d40000)
  from space 9216K, 88% used [0xa2780000,0xa2f77f30,0xa3080000)
  to   space 10496K, 0% used [0xa1d40000,0xa1d40000,0xa2780000)
 ParOldGen       total 42240K, used 12623K [0x73500000, 0x75e40000, 0x9df80000)
  object space 42240K, 29% used [0x73500000,0x74153f58,0x75e40000)
 PSPermGen       total 16384K, used 3938K [0x6f500000, 0x70500000, 0x73500000)
  object space 16384K, 24% used [0x6f500000,0x6f8d8800,0x70500000)
}
Event: 44,142 GC heap before
{Heap before GC invocations=7 (full 0):
 PSYoungGen      total 72448K, used 71391K [0x9df80000, 0xa3300000, 0xb3500000)
  eden space 63232K, 100% used [0x9df80000,0xa1d40000,0xa1d40000)
  from space 9216K, 88% used [0xa2780000,0xa2f77f30,0xa3080000)
  to   space 10496K, 0% used [0xa1d40000,0xa1d40000,0xa2780000)
 ParOldGen       total 42240K, used 12627K [0x73500000, 0x75e40000, 0x9df80000)
  object space 42240K, 29% used [0x73500000,0x74154c90,0x75e40000)
 PSPermGen       total 16384K, used 3968K [0x6f500000, 0x70500000, 0x73500000)
  object space 16384K, 24% used [0x6f500000,0x6f8e0048,0x70500000)

