# JRE version: Java(TM) SE Runtime Environment (7.0_79-b15) (build 1.7.0_79-b15)
# Java VM: Java HotSpot(TM) Server VM (24.79-b02 mixed mode linux-x86 )
Heap
 PSYoungGen      total 75008K, used 11254K [0x9df40000, 0xa3440000, 0xb34c0000)
  eden space 63744K, 0% used [0x9df40000,0x9df40000,0xa1d80000)
  from space 11264K, 99% used [0xa1d80000,0xa287da88,0xa2880000)
  to   space 10496K, 0% used [0xa2880000,0xa2880000,0xa32c0000)
 ParOldGen       total 42240K, used 21449K [0x734c0000, 0x75e00000, 0x9df40000)
  object space 42240K, 50% used [0x734c0000,0x749b26b0,0x75e00000)
 PSPermGen       total 16384K, used 3969K [0x6f4c0000, 0x704c0000, 0x734c0000)
  object space 16384K, 24% used [0x6f4c0000,0x6f8a0608,0x704c0000)
GC Heap History (10 events):
Event: 2,451 GC heap after
Heap after GC invocations=2 (full 0):
 PSYoungGen      total 18688K, used 2549K [0x9df40000, 0xa03c0000, 0xb34c0000)
  eden space 16128K, 0% used [0x9df40000,0x9df40000,0x9ef00000)
  from space 2560K, 99% used [0x9f180000,0x9f3fd480,0x9f400000)
  to   space 2560K, 0% used [0x9ef00000,0x9ef00000,0x9f180000)
 ParOldGen       total 42240K, used 1916K [0x734c0000, 0x75e00000, 0x9df40000)
  object space 42240K, 4% used [0x734c0000,0x7369f288,0x75e00000)
 PSPermGen       total 16384K, used 3808K [0x6f4c0000, 0x704c0000, 0x734c0000)
  object space 16384K, 23% used [0x6f4c0000,0x6f878320,0x704c0000)
}
Event: 3,222 GC heap before
{Heap before GC invocations=3 (full 0):
 PSYoungGen      total 18688K, used 18677K [0x9df40000, 0xa03c0000, 0xb34c0000)
  eden space 16128K, 100% used [0x9df40000,0x9ef00000,0x9ef00000)
  from space 2560K, 99% used [0x9f180000,0x9f3fd480,0x9f400000)
  to   space 2560K, 0% used [0x9ef00000,0x9ef00000,0x9f180000)
 ParOldGen       total 42240K, used 1916K [0x734c0000, 0x75e00000, 0x9df40000)
  object space 42240K, 4% used [0x734c0000,0x7369f288,0x75e00000)
 PSPermGen       total 16384K, used 3879K [0x6f4c0000, 0x704c0000, 0x734c0000)
  object space 16384K, 23% used [0x6f4c0000,0x6f889f20,0x704c0000)
Event: 3,330 GC heap after
Heap after GC invocations=3 (full 0):
 PSYoungGen      total 18688K, used 2559K [0x9df40000, 0xa03c0000, 0xb34c0000)
  eden space 16128K, 0% used [0x9df40000,0x9df40000,0x9ef00000)
  from space 2560K, 99% used [0x9ef00000,0x9f17fd30,0x9f180000)
  to   space 2560K, 0% used [0xa0140000,0xa0140000,0xa03c0000)
 ParOldGen       total 42240K, used 5190K [0x734c0000, 0x75e00000, 0x9df40000)
  object space 42240K, 12% used [0x734c0000,0x739d1b20,0x75e00000)
 PSPermGen       total 16384K, used 3879K [0x6f4c0000, 0x704c0000, 0x734c0000)
  object space 16384K, 23% used [0x6f4c0000,0x6f889f20,0x704c0000)
}
Event: 4,002 GC heap before
{Heap before GC invocations=4 (full 0):
 PSYoungGen      total 18688K, used 18687K [0x9df40000, 0xa03c0000, 0xb34c0000)
  eden space 16128K, 100% used [0x9df40000,0x9ef00000,0x9ef00000)
  from space 2560K, 99% used [0x9ef00000,0x9f17fd30,0x9f180000)
  to   space 2560K, 0% used [0xa0140000,0xa0140000,0xa03c0000)
 ParOldGen       total 42240K, used 5190K [0x734c0000, 0x75e00000, 0x9df40000)
  object space 42240K, 12% used [0x734c0000,0x739d1b20,0x75e00000)
 PSPermGen       total 16384K, used 3910K [0x6f4c0000, 0x704c0000, 0x734c0000)
  object space 16384K, 23% used [0x6f4c0000,0x6f8918a8,0x704c0000)
Event: 4,182 GC heap after
Heap after GC invocations=4 (full 0):
 PSYoungGen      total 34816K, used 2553K [0x9df40000, 0xa03c0000, 0xb34c0000)
  eden space 32256K, 0% used [0x9df40000,0x9df40000,0x9fec0000)
  from space 2560K, 99% used [0xa0140000,0xa03be7b8,0xa03c0000)
  to   space 2560K, 0% used [0x9fec0000,0x9fec0000,0xa0140000)
 ParOldGen       total 42240K, used 8314K [0x734c0000, 0x75e00000, 0x9df40000)
  object space 42240K, 19% used [0x734c0000,0x73cdea58,0x75e00000)
 PSPermGen       total 16384K, used 3910K [0x6f4c0000, 0x704c0000, 0x734c0000)
  object space 16384K, 23% used [0x6f4c0000,0x6f8918a8,0x704c0000)
}
Event: 5,536 GC heap before
{Heap before GC invocations=5 (full 0):
 PSYoungGen      total 34816K, used 34809K [0x9df40000, 0xa03c0000, 0xb34c0000)
  eden space 32256K, 100% used [0x9df40000,0x9fec0000,0x9fec0000)
  from space 2560K, 99% used [0xa0140000,0xa03be7b8,0xa03c0000)
  to   space 2560K, 0% used [0x9fec0000,0x9fec0000,0xa0140000)
 ParOldGen       total 42240K, used 8314K [0x734c0000, 0x75e00000, 0x9df40000)
  object space 42240K, 19% used [0x734c0000,0x73cdea58,0x75e00000)
 PSPermGen       total 16384K, used 3930K [0x6f4c0000, 0x704c0000, 0x734c0000)
  object space 16384K, 23% used [0x6f4c0000,0x6f896a00,0x704c0000)
Event: 5,581 GC heap after
Heap after GC invocations=5 (full 0):
 PSYoungGen      total 34816K, used 2557K [0x9df40000, 0xa32c0000, 0xb34c0000)
  eden space 32256K, 0% used [0x9df40000,0x9df40000,0x9fec0000)
  from space 2560K, 99% used [0x9fec0000,0xa013f5f0,0xa0140000)
  to   space 10496K, 0% used [0xa2880000,0xa2880000,0xa32c0000)
 ParOldGen       total 42240K, used 14539K [0x734c0000, 0x75e00000, 0x9df40000)
  object space 42240K, 34% used [0x734c0000,0x742f2eb8,0x75e00000)
 PSPermGen       total 16384K, used 3930K [0x6f4c0000, 0x704c0000, 0x734c0000)
  object space 16384K, 23% used [0x6f4c0000,0x6f896a00,0x704c0000)
}
Event: 6,886 GC heap before
{Heap before GC invocations=6 (full 0):
 PSYoungGen      total 34816K, used 34813K [0x9df40000, 0xa32c0000, 0xb34c0000)
  eden space 32256K, 100% used [0x9df40000,0x9fec0000,0x9fec0000)
  from space 2560K, 99% used [0x9fec0000,0xa013f5f0,0xa0140000)
  to   space 10496K, 0% used [0xa2880000,0xa2880000,0xa32c0000)
 ParOldGen       total 42240K, used 14539K [0x734c0000, 0x75e00000, 0x9df40000)
  object space 42240K, 34% used [0x734c0000,0x742f2eb8,0x75e00000)
 PSPermGen       total 16384K, used 3941K [0x6f4c0000, 0x704c0000, 0x734c0000)
  object space 16384K, 24% used [0x6f4c0000,0x6f8996c8,0x704c0000)
Event: 7,014 GC heap after
Heap after GC invocations=6 (full 0):
 PSYoungGen      total 74240K, used 8085K [0x9df40000, 0xa3440000, 0xb34c0000)
  eden space 63744K, 0% used [0x9df40000,0x9df40000,0xa1d80000)
  from space 10496K, 77% used [0xa2880000,0xa3065718,0xa32c0000)
  to   space 11264K, 0% used [0xa1d80000,0xa1d80000,0xa2880000)
 ParOldGen       total 42240K, used 14539K [0x734c0000, 0x75e00000, 0x9df40000)
  object space 42240K, 34% used [0x734c0000,0x742f2eb8,0x75e00000)
 PSPermGen       total 16384K, used 3941K [0x6f4c0000, 0x704c0000, 0x734c0000)
  object space 16384K, 24% used [0x6f4c0000,0x6f8996c8,0x704c0000)
}
Event: 9,662 GC heap before
{Heap before GC invocations=7 (full 0):
 PSYoungGen      total 74240K, used 71829K [0x9df40000, 0xa3440000, 0xb34c0000)
  eden space 63744K, 100% used [0x9df40000,0xa1d80000,0xa1d80000)
  from space 10496K, 77% used [0xa2880000,0xa3065718,0xa32c0000)
  to   space 11264K, 0% used [0xa1d80000,0xa1d80000,0xa2880000)
 ParOldGen       total 42240K, used 14539K [0x734c0000, 0x75e00000, 0x9df40000)
  object space 42240K, 34% used [0x734c0000,0x742f2eb8,0x75e00000)
 PSPermGen       total 16384K, used 3969K [0x6f4c0000, 0x704c0000, 0x734c0000)
  object space 16384K, 24% used [0x6f4c0000,0x6f8a0608,0x704c0000)

