# JRE version: Java(TM) SE Runtime Environment (7.0_79-b15) (build 1.7.0_79-b15)
# Java VM: Java HotSpot(TM) Server VM (24.79-b02 mixed mode linux-x86 )
Heap
 PSYoungGen      total 34816K, used 2544K [0x9df80000, 0xa0400000, 0xb3500000)
  eden space 32256K, 0% used [0x9df80000,0x9df80000,0x9ff00000)
  from space 2560K, 99% used [0x9ff00000,0xa017c3a8,0xa0180000)
  to   space 2560K, 0% used [0xa0180000,0xa0180000,0xa0400000)
 ParOldGen       total 42240K, used 13879K [0x73500000, 0x75e40000, 0x9df80000)
  object space 42240K, 32% used [0x73500000,0x7428dc78,0x75e40000)
 PSPermGen       total 16384K, used 3927K [0x6f500000, 0x70500000, 0x73500000)
  object space 16384K, 23% used [0x6f500000,0x6f8d5cd8,0x70500000)
GC Heap History (9 events):
Event: 17,267 GC heap before
{Heap before GC invocations=1 (full 0):
 PSYoungGen      total 18688K, used 16128K [0x9df80000, 0x9f440000, 0xb3500000)
  eden space 16128K, 100% used [0x9df80000,0x9ef40000,0x9ef40000)
  from space 2560K, 0% used [0x9f1c0000,0x9f1c0000,0x9f440000)
  to   space 2560K, 0% used [0x9ef40000,0x9ef40000,0x9f1c0000)
 ParOldGen       total 42240K, used 0K [0x73500000, 0x75e40000, 0x9df80000)
  object space 42240K, 0% used [0x73500000,0x73500000,0x75e40000)
 PSPermGen       total 16384K, used 3720K [0x6f500000, 0x70500000, 0x73500000)
  object space 16384K, 22% used [0x6f500000,0x6f8a2280,0x70500000)
Event: 17,275 GC heap after
Heap after GC invocations=1 (full 0):
 PSYoungGen      total 18688K, used 2549K [0x9df80000, 0x9f440000, 0xb3500000)
  eden space 16128K, 0% used [0x9df80000,0x9df80000,0x9ef40000)
  from space 2560K, 99% used [0x9ef40000,0x9f1bd6c8,0x9f1c0000)
  to   space 2560K, 0% used [0x9f1c0000,0x9f1c0000,0x9f440000)
 ParOldGen       total 42240K, used 1097K [0x73500000, 0x75e40000, 0x9df80000)
  object space 42240K, 2% used [0x73500000,0x73612568,0x75e40000)
 PSPermGen       total 16384K, used 3720K [0x6f500000, 0x70500000, 0x73500000)
  object space 16384K, 22% used [0x6f500000,0x6f8a2280,0x70500000)
}
Event: 18,096 GC heap before
{Heap before GC invocations=2 (full 0):
 PSYoungGen      total 18688K, used 18677K [0x9df80000, 0x9f440000, 0xb3500000)
  eden space 16128K, 100% used [0x9df80000,0x9ef40000,0x9ef40000)
  from space 2560K, 99% used [0x9ef40000,0x9f1bd6c8,0x9f1c0000)
  to   space 2560K, 0% used [0x9f1c0000,0x9f1c0000,0x9f440000)
 ParOldGen       total 42240K, used 1097K [0x73500000, 0x75e40000, 0x9df80000)
  object space 42240K, 2% used [0x73500000,0x73612568,0x75e40000)
 PSPermGen       total 16384K, used 3861K [0x6f500000, 0x70500000, 0x73500000)
  object space 16384K, 23% used [0x6f500000,0x6f8c56d0,0x70500000)
Event: 18,148 GC heap after
Heap after GC invocations=2 (full 0):
 PSYoungGen      total 18688K, used 2546K [0x9df80000, 0xa0400000, 0xb3500000)
  eden space 16128K, 0% used [0x9df80000,0x9df80000,0x9ef40000)
  from space 2560K, 99% used [0x9f1c0000,0x9f43ca00,0x9f440000)
  to   space 2560K, 0% used [0x9ef40000,0x9ef40000,0x9f1c0000)
 ParOldGen       total 42240K, used 3257K [0x73500000, 0x75e40000, 0x9df80000)
  object space 42240K, 7% used [0x73500000,0x7382e488,0x75e40000)
 PSPermGen       total 16384K, used 3861K [0x6f500000, 0x70500000, 0x73500000)
  object space 16384K, 23% used [0x6f500000,0x6f8c56d0,0x70500000)
}
Event: 18,839 GC heap before
{Heap before GC invocations=3 (full 0):
 PSYoungGen      total 18688K, used 18674K [0x9df80000, 0xa0400000, 0xb3500000)
  eden space 16128K, 100% used [0x9df80000,0x9ef40000,0x9ef40000)
  from space 2560K, 99% used [0x9f1c0000,0x9f43ca00,0x9f440000)
  to   space 2560K, 0% used [0x9ef40000,0x9ef40000,0x9f1c0000)
 ParOldGen       total 42240K, used 3257K [0x73500000, 0x75e40000, 0x9df80000)
  object space 42240K, 7% used [0x73500000,0x7382e488,0x75e40000)
 PSPermGen       total 16384K, used 3895K [0x6f500000, 0x70500000, 0x73500000)
  object space 16384K, 23% used [0x6f500000,0x6f8cde20,0x70500000)
Event: 18,978 GC heap after
Heap after GC invocations=3 (full 0):
 PSYoungGen      total 18688K, used 2546K [0x9df80000, 0xa0400000, 0xb3500000)
  eden space 16128K, 0% used [0x9df80000,0x9df80000,0x9ef40000)
  from space 2560K, 99% used [0x9ef40000,0x9f1bc8f8,0x9f1c0000)
  to   space 2560K, 0% used [0xa0180000,0xa0180000,0xa0400000)
 ParOldGen       total 42240K, used 6055K [0x73500000, 0x75e40000, 0x9df80000)
  object space 42240K, 14% used [0x73500000,0x73ae9c60,0x75e40000)
 PSPermGen       total 16384K, used 3895K [0x6f500000, 0x70500000, 0x73500000)
  object space 16384K, 23% used [0x6f500000,0x6f8cde20,0x70500000)
}
Event: 19,929 GC heap before
{Heap before GC invocations=4 (full 0):
 PSYoungGen      total 18688K, used 18674K [0x9df80000, 0xa0400000, 0xb3500000)
  eden space 16128K, 100% used [0x9df80000,0x9ef40000,0x9ef40000)
  from space 2560K, 99% used [0x9ef40000,0x9f1bc8f8,0x9f1c0000)
  to   space 2560K, 0% used [0xa0180000,0xa0180000,0xa0400000)
 ParOldGen       total 42240K, used 6055K [0x73500000, 0x75e40000, 0x9df80000)
  object space 42240K, 14% used [0x73500000,0x73ae9c60,0x75e40000)
 PSPermGen       total 16384K, used 3913K [0x6f500000, 0x70500000, 0x73500000)
  object space 16384K, 23% used [0x6f500000,0x6f8d2688,0x70500000)
Event: 20,012 GC heap after
Heap after GC invocations=4 (full 0):
 PSYoungGen      total 34816K, used 2552K [0x9df80000, 0xa0400000, 0xb3500000)
  eden space 32256K, 0% used [0x9df80000,0x9df80000,0x9ff00000)
  from space 2560K, 99% used [0xa0180000,0xa03fe050,0xa0400000)
  to   space 2560K, 0% used [0x9ff00000,0x9ff00000,0xa0180000)
 ParOldGen       total 42240K, used 8642K [0x73500000, 0x75e40000, 0x9df80000)
  object space 42240K, 20% used [0x73500000,0x73d709b0,0x75e40000)
 PSPermGen       total 16384K, used 3913K [0x6f500000, 0x70500000, 0x73500000)
  object space 16384K, 23% used [0x6f500000,0x6f8d2688,0x70500000)
}
Event: 21,594 GC heap before
{Heap before GC invocations=5 (full 0):
 PSYoungGen      total 34816K, used 34808K [0x9df80000, 0xa0400000, 0xb3500000)
  eden space 32256K, 100% used [0x9df80000,0x9ff00000,0x9ff00000)
  from space 2560K, 99% used [0xa0180000,0xa03fe050,0xa0400000)
  to   space 2560K, 0% used [0x9ff00000,0x9ff00000,0xa0180000)
 ParOldGen       total 42240K, used 8642K [0x73500000, 0x75e40000, 0x9df80000)
  object space 42240K, 20% used [0x73500000,0x73d709b0,0x75e40000)
 PSPermGen       total 16384K, used 3927K [0x6f500000, 0x70500000, 0x73500000)
  object space 16384K, 23% used [0x6f500000,0x6f8d5cd8,0x70500000)

