# JRE version: Java(TM) SE Runtime Environment (7.0_79-b15) (build 1.7.0_79-b15)
# Java VM: Java HotSpot(TM) Server VM (24.79-b02 mixed mode linux-x86 )
Heap
 PSYoungGen      total 34816K, used 2558K [0x9dfc0000, 0xa0440000, 0xb3540000)
  eden space 32256K, 0% used [0x9dfc0000,0x9dfc0000,0x9ff40000)
  from space 2560K, 99% used [0x9ff40000,0xa01bf820,0xa01c0000)
  to   space 2560K, 0% used [0xa01c0000,0xa01c0000,0xa0440000)
 ParOldGen       total 42240K, used 7812K [0x73540000, 0x75e80000, 0x9dfc0000)
  object space 42240K, 18% used [0x73540000,0x73ce1120,0x75e80000)
 PSPermGen       total 16384K, used 3909K [0x6f540000, 0x70540000, 0x73540000)
  object space 16384K, 23% used [0x6f540000,0x6f9115f0,0x70540000)
GC Heap History (5 events):
Event: 1,114 GC heap before
{Heap before GC invocations=1 (full 0):
 PSYoungGen      total 18688K, used 16128K [0x9dfc0000, 0x9f480000, 0xb3540000)
  eden space 16128K, 100% used [0x9dfc0000,0x9ef80000,0x9ef80000)
  from space 2560K, 0% used [0x9f200000,0x9f200000,0x9f480000)
  to   space 2560K, 0% used [0x9ef80000,0x9ef80000,0x9f200000)
 ParOldGen       total 42240K, used 0K [0x73540000, 0x75e80000, 0x9dfc0000)
  object space 42240K, 0% used [0x73540000,0x73540000,0x75e80000)
 PSPermGen       total 16384K, used 3701K [0x6f540000, 0x70540000, 0x73540000)
  object space 16384K, 22% used [0x6f540000,0x6f8dd7d8,0x70540000)
Event: 1,130 GC heap after
Heap after GC invocations=1 (full 0):
 PSYoungGen      total 18688K, used 2548K [0x9dfc0000, 0xa0440000, 0xb3540000)
  eden space 16128K, 0% used [0x9dfc0000,0x9dfc0000,0x9ef80000)
  from space 2560K, 99% used [0x9ef80000,0x9f1fd1d8,0x9f200000)
  to   space 2560K, 0% used [0xa01c0000,0xa01c0000,0xa0440000)
 ParOldGen       total 42240K, used 778K [0x73540000, 0x75e80000, 0x9dfc0000)
  object space 42240K, 1% used [0x73540000,0x736029e0,0x75e80000)
 PSPermGen       total 16384K, used 3701K [0x6f540000, 0x70540000, 0x73540000)
  object space 16384K, 22% used [0x6f540000,0x6f8dd7d8,0x70540000)
}
Event: 1,952 GC heap before
{Heap before GC invocations=2 (full 0):
 PSYoungGen      total 18688K, used 18676K [0x9dfc0000, 0xa0440000, 0xb3540000)
  eden space 16128K, 100% used [0x9dfc0000,0x9ef80000,0x9ef80000)
  from space 2560K, 99% used [0x9ef80000,0x9f1fd1d8,0x9f200000)
  to   space 2560K, 0% used [0xa01c0000,0xa01c0000,0xa0440000)
 ParOldGen       total 42240K, used 778K [0x73540000, 0x75e80000, 0x9dfc0000)
  object space 42240K, 1% used [0x73540000,0x736029e0,0x75e80000)
 PSPermGen       total 16384K, used 3861K [0x6f540000, 0x70540000, 0x73540000)
  object space 16384K, 23% used [0x6f540000,0x6f905770,0x70540000)
Event: 1,995 GC heap after
Heap after GC invocations=2 (full 0):
 PSYoungGen      total 34816K, used 2547K [0x9dfc0000, 0xa0440000, 0xb3540000)
  eden space 32256K, 0% used [0x9dfc0000,0x9dfc0000,0x9ff40000)
  from space 2560K, 99% used [0xa01c0000,0xa043cc80,0xa0440000)
  to   space 2560K, 0% used [0x9ff40000,0x9ff40000,0xa01c0000)
 ParOldGen       total 42240K, used 2480K [0x73540000, 0x75e80000, 0x9dfc0000)
  object space 42240K, 5% used [0x73540000,0x737ac1b8,0x75e80000)
 PSPermGen       total 16384K, used 3861K [0x6f540000, 0x70540000, 0x73540000)
  object space 16384K, 23% used [0x6f540000,0x6f905770,0x70540000)
}
Event: 4,540 GC heap before
{Heap before GC invocations=3 (full 0):
 PSYoungGen      total 34816K, used 34803K [0x9dfc0000, 0xa0440000, 0xb3540000)
  eden space 32256K, 100% used [0x9dfc0000,0x9ff40000,0x9ff40000)
  from space 2560K, 99% used [0xa01c0000,0xa043cc80,0xa0440000)
  to   space 2560K, 0% used [0x9ff40000,0x9ff40000,0xa01c0000)
 ParOldGen       total 42240K, used 2480K [0x73540000, 0x75e80000, 0x9dfc0000)
  object space 42240K, 5% used [0x73540000,0x737ac1b8,0x75e80000)
 PSPermGen       total 16384K, used 3909K [0x6f540000, 0x70540000, 0x73540000)
  object space 16384K, 23% used [0x6f540000,0x6f9115f0,0x70540000)

