# JRE version: Java(TM) SE Runtime Environment (7.0_79-b15) (build 1.7.0_79-b15)
# Java VM: Java HotSpot(TM) Server VM (24.79-b02 mixed mode linux-x86 )
Heap
 PSYoungGen      total 34816K, used 2557K [0x9dfc0000, 0xa0440000, 0xb3540000)
  eden space 32256K, 0% used [0x9dfc0000,0x9dfc0000,0x9ff40000)
  from space 2560K, 99% used [0x9ff40000,0xa01bf558,0xa01c0000)
  to   space 2560K, 0% used [0xa01c0000,0xa01c0000,0xa0440000)
 ParOldGen       total 42240K, used 12720K [0x73540000, 0x75e80000, 0x9dfc0000)
  object space 42240K, 30% used [0x73540000,0x741ac310,0x75e80000)
 PSPermGen       total 16384K, used 3903K [0x6f540000, 0x70540000, 0x73540000)
  object space 16384K, 23% used [0x6f540000,0x6f90fde0,0x70540000)
GC Heap History (9 events):
Event: 16,585 GC heap before
{Heap before GC invocations=1 (full 0):
 PSYoungGen      total 18688K, used 16128K [0x9dfc0000, 0x9f480000, 0xb3540000)
  eden space 16128K, 100% used [0x9dfc0000,0x9ef80000,0x9ef80000)
  from space 2560K, 0% used [0x9f200000,0x9f200000,0x9f480000)
  to   space 2560K, 0% used [0x9ef80000,0x9ef80000,0x9f200000)
 ParOldGen       total 42240K, used 0K [0x73540000, 0x75e80000, 0x9dfc0000)
  object space 42240K, 0% used [0x73540000,0x73540000,0x75e80000)
 PSPermGen       total 16384K, used 2520K [0x6f540000, 0x70540000, 0x73540000)
  object space 16384K, 15% used [0x6f540000,0x6f7b6090,0x70540000)
Event: 16,588 GC heap after
Heap after GC invocations=1 (full 0):
 PSYoungGen      total 18688K, used 889K [0x9dfc0000, 0x9f480000, 0xb3540000)
  eden space 16128K, 0% used [0x9dfc0000,0x9dfc0000,0x9ef80000)
  from space 2560K, 34% used [0x9ef80000,0x9f05e498,0x9f200000)
  to   space 2560K, 0% used [0x9f200000,0x9f200000,0x9f480000)
 ParOldGen       total 42240K, used 4K [0x73540000, 0x75e80000, 0x9dfc0000)
  object space 42240K, 0% used [0x73540000,0x73541000,0x75e80000)
 PSPermGen       total 16384K, used 2520K [0x6f540000, 0x70540000, 0x73540000)
  object space 16384K, 15% used [0x6f540000,0x6f7b6090,0x70540000)
}
Event: 17,503 GC heap before
{Heap before GC invocations=2 (full 0):
 PSYoungGen      total 18688K, used 17017K [0x9dfc0000, 0x9f480000, 0xb3540000)
  eden space 16128K, 100% used [0x9dfc0000,0x9ef80000,0x9ef80000)
  from space 2560K, 34% used [0x9ef80000,0x9f05e498,0x9f200000)
  to   space 2560K, 0% used [0x9f200000,0x9f200000,0x9f480000)
 ParOldGen       total 42240K, used 4K [0x73540000, 0x75e80000, 0x9dfc0000)
  object space 42240K, 0% used [0x73540000,0x73541000,0x75e80000)
 PSPermGen       total 16384K, used 3782K [0x6f540000, 0x70540000, 0x73540000)
  object space 16384K, 23% used [0x6f540000,0x6f8f18a0,0x70540000)
Event: 17,551 GC heap after
Heap after GC invocations=2 (full 0):
 PSYoungGen      total 18688K, used 2546K [0x9dfc0000, 0xa0440000, 0xb3540000)
  eden space 16128K, 0% used [0x9dfc0000,0x9dfc0000,0x9ef80000)
  from space 2560K, 99% used [0x9f200000,0x9f47cb00,0x9f480000)
  to   space 2560K, 0% used [0x9ef80000,0x9ef80000,0x9f200000)
 ParOldGen       total 42240K, used 1654K [0x73540000, 0x75e80000, 0x9dfc0000)
  object space 42240K, 3% used [0x73540000,0x736dd9f0,0x75e80000)
 PSPermGen       total 16384K, used 3782K [0x6f540000, 0x70540000, 0x73540000)
  object space 16384K, 23% used [0x6f540000,0x6f8f18a0,0x70540000)
}
Event: 18,483 GC heap before
{Heap before GC invocations=3 (full 0):
 PSYoungGen      total 18688K, used 18674K [0x9dfc0000, 0xa0440000, 0xb3540000)
  eden space 16128K, 100% used [0x9dfc0000,0x9ef80000,0x9ef80000)
  from space 2560K, 99% used [0x9f200000,0x9f47cb00,0x9f480000)
  to   space 2560K, 0% used [0x9ef80000,0x9ef80000,0x9f200000)
 ParOldGen       total 42240K, used 1654K [0x73540000, 0x75e80000, 0x9dfc0000)
  object space 42240K, 3% used [0x73540000,0x736dd9f0,0x75e80000)
 PSPermGen       total 16384K, used 3861K [0x6f540000, 0x70540000, 0x73540000)
  object space 16384K, 23% used [0x6f540000,0x6f905768,0x70540000)
Event: 18,774 GC heap after
Heap after GC invocations=3 (full 0):
 PSYoungGen      total 18688K, used 2552K [0x9dfc0000, 0xa0440000, 0xb3540000)
  eden space 16128K, 0% used [0x9dfc0000,0x9dfc0000,0x9ef80000)
  from space 2560K, 99% used [0x9ef80000,0x9f1fe050,0x9f200000)
  to   space 2560K, 0% used [0xa01c0000,0xa01c0000,0xa0440000)
 ParOldGen       total 42240K, used 4238K [0x73540000, 0x75e80000, 0x9dfc0000)
  object space 42240K, 10% used [0x73540000,0x73963930,0x75e80000)
 PSPermGen       total 16384K, used 3861K [0x6f540000, 0x70540000, 0x73540000)
  object space 16384K, 23% used [0x6f540000,0x6f905768,0x70540000)
}
Event: 19,514 GC heap before
{Heap before GC invocations=4 (full 0):
 PSYoungGen      total 18688K, used 18680K [0x9dfc0000, 0xa0440000, 0xb3540000)
  eden space 16128K, 100% used [0x9dfc0000,0x9ef80000,0x9ef80000)
  from space 2560K, 99% used [0x9ef80000,0x9f1fe050,0x9f200000)
  to   space 2560K, 0% used [0xa01c0000,0xa01c0000,0xa0440000)
 ParOldGen       total 42240K, used 4238K [0x73540000, 0x75e80000, 0x9dfc0000)
  object space 42240K, 10% used [0x73540000,0x73963930,0x75e80000)
 PSPermGen       total 16384K, used 3887K [0x6f540000, 0x70540000, 0x73540000)
  object space 16384K, 23% used [0x6f540000,0x6f90bf40,0x70540000)
Event: 19,665 GC heap after
Heap after GC invocations=4 (full 0):
 PSYoungGen      total 34816K, used 2544K [0x9dfc0000, 0xa0440000, 0xb3540000)
  eden space 32256K, 0% used [0x9dfc0000,0x9dfc0000,0x9ff40000)
  from space 2560K, 99% used [0xa01c0000,0xa043c040,0xa0440000)
  to   space 2560K, 0% used [0x9ff40000,0x9ff40000,0xa01c0000)
 ParOldGen       total 42240K, used 7149K [0x73540000, 0x75e80000, 0x9dfc0000)
  object space 42240K, 16% used [0x73540000,0x73c3b788,0x75e80000)
 PSPermGen       total 16384K, used 3887K [0x6f540000, 0x70540000, 0x73540000)
  object space 16384K, 23% used [0x6f540000,0x6f90bf40,0x70540000)
}
Event: 21,569 GC heap before
{Heap before GC invocations=5 (full 0):
 PSYoungGen      total 34816K, used 34800K [0x9dfc0000, 0xa0440000, 0xb3540000)
  eden space 32256K, 100% used [0x9dfc0000,0x9ff40000,0x9ff40000)
  from space 2560K, 99% used [0xa01c0000,0xa043c040,0xa0440000)
  to   space 2560K, 0% used [0x9ff40000,0x9ff40000,0xa01c0000)
 ParOldGen       total 42240K, used 7149K [0x73540000, 0x75e80000, 0x9dfc0000)
  object space 42240K, 16% used [0x73540000,0x73c3b788,0x75e80000)
 PSPermGen       total 16384K, used 3903K [0x6f540000, 0x70540000, 0x73540000)
  object space 16384K, 23% used [0x6f540000,0x6f90fde0,0x70540000)

