# JRE version: Java(TM) SE Runtime Environment (7.0_79-b15) (build 1.7.0_79-b15)
# Java VM: Java HotSpot(TM) Server VM (24.79-b02 mixed mode linux-x86 )
Heap
 PSYoungGen      total 143872K, used 17142K [0x9df80000, 0xa7f00000, 0xb3500000)
  eden space 126720K, 0% used [0x9df80000,0x9df80000,0xa5b40000)
  from space 17152K, 99% used [0xa5b40000,0xa6bfd8e8,0xa6c00000)
  to   space 14848K, 0% used [0xa6c00000,0xa6c00000,0xa7a80000)
 ParOldGen       total 42240K, used 37574K [0x73500000, 0x75e40000, 0x9df80000)
  object space 42240K, 88% used [0x73500000,0x759b1898,0x75e40000)
 PSPermGen       total 16384K, used 4022K [0x6f500000, 0x70500000, 0x73500000)
  object space 16384K, 24% used [0x6f500000,0x6f8edb78,0x70500000)
GC Heap History (10 events):
Event: 3,762 GC heap after
Heap after GC invocations=2 (full 0):
 PSYoungGen      total 34816K, used 2545K [0x9df80000, 0xa0400000, 0xb3500000)
  eden space 32256K, 0% used [0x9df80000,0x9df80000,0x9ff00000)
  from space 2560K, 99% used [0xa0180000,0xa03fc6f0,0xa0400000)
  to   space 2560K, 0% used [0x9ff00000,0x9ff00000,0xa0180000)
 ParOldGen       total 42240K, used 2085K [0x73500000, 0x75e40000, 0x9df80000)
  object space 42240K, 4% used [0x73500000,0x73709408,0x75e40000)
 PSPermGen       total 16384K, used 3803K [0x6f500000, 0x70500000, 0x73500000)
  object space 16384K, 23% used [0x6f500000,0x6f8b6e38,0x70500000)
}
Event: 5,369 GC heap before
{Heap before GC invocations=3 (full 0):
 PSYoungGen      total 34816K, used 34801K [0x9df80000, 0xa0400000, 0xb3500000)
  eden space 32256K, 100% used [0x9df80000,0x9ff00000,0x9ff00000)
  from space 2560K, 99% used [0xa0180000,0xa03fc6f0,0xa0400000)
  to   space 2560K, 0% used [0x9ff00000,0x9ff00000,0xa0180000)
 ParOldGen       total 42240K, used 2085K [0x73500000, 0x75e40000, 0x9df80000)
  object space 42240K, 4% used [0x73500000,0x73709408,0x75e40000)
 PSPermGen       total 16384K, used 3908K [0x6f500000, 0x70500000, 0x73500000)
  object space 16384K, 23% used [0x6f500000,0x6f8d10d0,0x70500000)
Event: 5,871 GC heap after
Heap after GC invocations=3 (full 0):
 PSYoungGen      total 34816K, used 2559K [0x9df80000, 0xa2380000, 0xb3500000)
  eden space 32256K, 0% used [0x9df80000,0x9df80000,0x9ff00000)
  from space 2560K, 99% used [0x9ff00000,0xa017fd20,0xa0180000)
  to   space 2560K, 0% used [0xa2100000,0xa2100000,0xa2380000)
 ParOldGen       total 42240K, used 7707K [0x73500000, 0x75e40000, 0x9df80000)
  object space 42240K, 18% used [0x73500000,0x73c86e18,0x75e40000)
 PSPermGen       total 16384K, used 3908K [0x6f500000, 0x70500000, 0x73500000)
  object space 16384K, 23% used [0x6f500000,0x6f8d10d0,0x70500000)
}
Event: 7,211 GC heap before
{Heap before GC invocations=4 (full 0):
 PSYoungGen      total 34816K, used 34815K [0x9df80000, 0xa2380000, 0xb3500000)
  eden space 32256K, 100% used [0x9df80000,0x9ff00000,0x9ff00000)
  from space 2560K, 99% used [0x9ff00000,0xa017fd20,0xa0180000)
  to   space 2560K, 0% used [0xa2100000,0xa2100000,0xa2380000)
 ParOldGen       total 42240K, used 7707K [0x73500000, 0x75e40000, 0x9df80000)
  object space 42240K, 18% used [0x73500000,0x73c86e18,0x75e40000)
 PSPermGen       total 16384K, used 3930K [0x6f500000, 0x70500000, 0x73500000)
  object space 16384K, 23% used [0x6f500000,0x6f8d6bb8,0x70500000)
Event: 7,998 GC heap after
Heap after GC invocations=4 (full 0):
 PSYoungGen      total 67072K, used 2559K [0x9df80000, 0xa2380000, 0xb3500000)
  eden space 64512K, 0% used [0x9df80000,0x9df80000,0xa1e80000)
  from space 2560K, 99% used [0xa2100000,0xa237ff98,0xa2380000)
  to   space 2560K, 0% used [0xa1e80000,0xa1e80000,0xa2100000)
 ParOldGen       total 42240K, used 12773K [0x73500000, 0x75e40000, 0x9df80000)
  object space 42240K, 30% used [0x73500000,0x74179578,0x75e40000)
 PSPermGen       total 16384K, used 3930K [0x6f500000, 0x70500000, 0x73500000)
  object space 16384K, 23% used [0x6f500000,0x6f8d6bb8,0x70500000)
}
Event: 10,107 GC heap before
{Heap before GC invocations=5 (full 0):
 PSYoungGen      total 67072K, used 67071K [0x9df80000, 0xa2380000, 0xb3500000)
  eden space 64512K, 100% used [0x9df80000,0xa1e80000,0xa1e80000)
  from space 2560K, 99% used [0xa2100000,0xa237ff98,0xa2380000)
  to   space 2560K, 0% used [0xa1e80000,0xa1e80000,0xa2100000)
 ParOldGen       total 42240K, used 12773K [0x73500000, 0x75e40000, 0x9df80000)
  object space 42240K, 30% used [0x73500000,0x74179578,0x75e40000)
 PSPermGen       total 16384K, used 3951K [0x6f500000, 0x70500000, 0x73500000)
  object space 16384K, 24% used [0x6f500000,0x6f8dbfe0,0x70500000)
Event: 10,164 GC heap after
Heap after GC invocations=5 (full 0):
 PSYoungGen      total 67072K, used 2544K [0x9df80000, 0xa7a80000, 0xb3500000)
  eden space 64512K, 0% used [0x9df80000,0x9df80000,0xa1e80000)
  from space 2560K, 99% used [0xa1e80000,0xa20fc370,0xa2100000)
  to   space 14848K, 0% used [0xa6c00000,0xa6c00000,0xa7a80000)
 ParOldGen       total 42240K, used 22725K [0x73500000, 0x75e40000, 0x9df80000)
  object space 42240K, 53% used [0x73500000,0x74b315b8,0x75e40000)
 PSPermGen       total 16384K, used 3951K [0x6f500000, 0x70500000, 0x73500000)
  object space 16384K, 24% used [0x6f500000,0x6f8dbfe0,0x70500000)
}
Event: 12,215 GC heap before
{Heap before GC invocations=6 (full 0):
 PSYoungGen      total 67072K, used 67056K [0x9df80000, 0xa7a80000, 0xb3500000)
  eden space 64512K, 100% used [0x9df80000,0xa1e80000,0xa1e80000)
  from space 2560K, 99% used [0xa1e80000,0xa20fc370,0xa2100000)
  to   space 14848K, 0% used [0xa6c00000,0xa6c00000,0xa7a80000)
 ParOldGen       total 42240K, used 22725K [0x73500000, 0x75e40000, 0x9df80000)
  object space 42240K, 53% used [0x73500000,0x74b315b8,0x75e40000)
 PSPermGen       total 16384K, used 3975K [0x6f500000, 0x70500000, 0x73500000)
  object space 16384K, 24% used [0x6f500000,0x6f8e1cb0,0x70500000)
Event: 12,459 GC heap after
Heap after GC invocations=6 (full 0):
 PSYoungGen      total 141568K, used 13244K [0x9df80000, 0xa7f00000, 0xb3500000)
  eden space 126720K, 0% used [0x9df80000,0x9df80000,0xa5b40000)
  from space 14848K, 89% used [0xa6c00000,0xa78ef370,0xa7a80000)
  to   space 17152K, 0% used [0xa5b40000,0xa5b40000,0xa6c00000)
 ParOldGen       total 42240K, used 22725K [0x73500000, 0x75e40000, 0x9df80000)
  object space 42240K, 53% used [0x73500000,0x74b315b8,0x75e40000)
 PSPermGen       total 16384K, used 3975K [0x6f500000, 0x70500000, 0x73500000)
  object space 16384K, 24% used [0x6f500000,0x6f8e1cb0,0x70500000)
}
Event: 16,238 GC heap before
{Heap before GC invocations=7 (full 0):
 PSYoungGen      total 141568K, used 139964K [0x9df80000, 0xa7f00000, 0xb3500000)
  eden space 126720K, 100% used [0x9df80000,0xa5b40000,0xa5b40000)
  from space 14848K, 89% used [0xa6c00000,0xa78ef370,0xa7a80000)
  to   space 17152K, 0% used [0xa5b40000,0xa5b40000,0xa6c00000)
 ParOldGen       total 42240K, used 22725K [0x73500000, 0x75e40000, 0x9df80000)
  object space 42240K, 53% used [0x73500000,0x74b315b8,0x75e40000)
 PSPermGen       total 16384K, used 4022K [0x6f500000, 0x70500000, 0x73500000)
  object space 16384K, 24% used [0x6f500000,0x6f8edb78,0x70500000)

