# JRE version: Java(TM) SE Runtime Environment (7.0_79-b15) (build 1.7.0_79-b15)
# Java VM: Java HotSpot(TM) Server VM (24.79-b02 mixed mode linux-x86 )
Heap
 PSYoungGen      total 34816K, used 2553K [0x9e040000, 0xa04c0000, 0xb35c0000)
  eden space 32256K, 0% used [0x9e040000,0x9e040000,0x9ffc0000)
  from space 2560K, 99% used [0x9ffc0000,0xa023e418,0xa0240000)
  to   space 2560K, 0% used [0xa0240000,0xa0240000,0xa04c0000)
 ParOldGen       total 42240K, used 12879K [0x735c0000, 0x75f00000, 0x9e040000)
  object space 42240K, 30% used [0x735c0000,0x74253f58,0x75f00000)
 PSPermGen       total 16384K, used 3902K [0x6f5c0000, 0x705c0000, 0x735c0000)
  object space 16384K, 23% used [0x6f5c0000,0x6f98f980,0x705c0000)
GC Heap History (9 events):
Event: 2,933 GC heap before
{Heap before GC invocations=1 (full 0):
 PSYoungGen      total 18688K, used 16128K [0x9e040000, 0x9f500000, 0xb35c0000)
  eden space 16128K, 100% used [0x9e040000,0x9f000000,0x9f000000)
  from space 2560K, 0% used [0x9f280000,0x9f280000,0x9f500000)
  to   space 2560K, 0% used [0x9f000000,0x9f000000,0x9f280000)
 ParOldGen       total 42240K, used 0K [0x735c0000, 0x75f00000, 0x9e040000)
  object space 42240K, 0% used [0x735c0000,0x735c0000,0x75f00000)
 PSPermGen       total 16384K, used 2520K [0x6f5c0000, 0x705c0000, 0x735c0000)
  object space 16384K, 15% used [0x6f5c0000,0x6f8360a0,0x705c0000)
Event: 2,937 GC heap after
Heap after GC invocations=1 (full 0):
 PSYoungGen      total 18688K, used 876K [0x9e040000, 0x9f500000, 0xb35c0000)
  eden space 16128K, 0% used [0x9e040000,0x9e040000,0x9f000000)
  from space 2560K, 34% used [0x9f000000,0x9f0db1f0,0x9f280000)
  to   space 2560K, 0% used [0x9f280000,0x9f280000,0x9f500000)
 ParOldGen       total 42240K, used 4K [0x735c0000, 0x75f00000, 0x9e040000)
  object space 42240K, 0% used [0x735c0000,0x735c1000,0x75f00000)
 PSPermGen       total 16384K, used 2520K [0x6f5c0000, 0x705c0000, 0x735c0000)
  object space 16384K, 15% used [0x6f5c0000,0x6f8360a0,0x705c0000)
}
Event: 4,246 GC heap before
{Heap before GC invocations=2 (full 0):
 PSYoungGen      total 18688K, used 17004K [0x9e040000, 0x9f500000, 0xb35c0000)
  eden space 16128K, 100% used [0x9e040000,0x9f000000,0x9f000000)
  from space 2560K, 34% used [0x9f000000,0x9f0db1f0,0x9f280000)
  to   space 2560K, 0% used [0x9f280000,0x9f280000,0x9f500000)
 ParOldGen       total 42240K, used 4K [0x735c0000, 0x75f00000, 0x9e040000)
  object space 42240K, 0% used [0x735c0000,0x735c1000,0x75f00000)
 PSPermGen       total 16384K, used 3783K [0x6f5c0000, 0x705c0000, 0x735c0000)
  object space 16384K, 23% used [0x6f5c0000,0x6f971d90,0x705c0000)
Event: 4,293 GC heap after
Heap after GC invocations=2 (full 0):
 PSYoungGen      total 18688K, used 2558K [0x9e040000, 0xa04c0000, 0xb35c0000)
  eden space 16128K, 0% used [0x9e040000,0x9e040000,0x9f000000)
  from space 2560K, 99% used [0x9f280000,0x9f4ff880,0x9f500000)
  to   space 2560K, 0% used [0x9f000000,0x9f000000,0x9f280000)
 ParOldGen       total 42240K, used 1519K [0x735c0000, 0x75f00000, 0x9e040000)
  object space 42240K, 3% used [0x735c0000,0x7373be48,0x75f00000)
 PSPermGen       total 16384K, used 3783K [0x6f5c0000, 0x705c0000, 0x735c0000)
  object space 16384K, 23% used [0x6f5c0000,0x6f971d90,0x705c0000)
}
Event: 4,857 GC heap before
{Heap before GC invocations=3 (full 0):
 PSYoungGen      total 18688K, used 18686K [0x9e040000, 0xa04c0000, 0xb35c0000)
  eden space 16128K, 100% used [0x9e040000,0x9f000000,0x9f000000)
  from space 2560K, 99% used [0x9f280000,0x9f4ff880,0x9f500000)
  to   space 2560K, 0% used [0x9f000000,0x9f000000,0x9f280000)
 ParOldGen       total 42240K, used 1519K [0x735c0000, 0x75f00000, 0x9e040000)
  object space 42240K, 3% used [0x735c0000,0x7373be48,0x75f00000)
 PSPermGen       total 16384K, used 3861K [0x6f5c0000, 0x705c0000, 0x735c0000)
  object space 16384K, 23% used [0x6f5c0000,0x6f985680,0x705c0000)
Event: 4,902 GC heap after
Heap after GC invocations=3 (full 0):
 PSYoungGen      total 18688K, used 2544K [0x9e040000, 0xa04c0000, 0xb35c0000)
  eden space 16128K, 0% used [0x9e040000,0x9e040000,0x9f000000)
  from space 2560K, 99% used [0x9f000000,0x9f27c090,0x9f280000)
  to   space 2560K, 0% used [0xa0240000,0xa0240000,0xa04c0000)
 ParOldGen       total 42240K, used 4228K [0x735c0000, 0x75f00000, 0x9e040000)
  object space 42240K, 10% used [0x735c0000,0x739e13a0,0x75f00000)
 PSPermGen       total 16384K, used 3861K [0x6f5c0000, 0x705c0000, 0x735c0000)
  object space 16384K, 23% used [0x6f5c0000,0x6f985680,0x705c0000)
}
Event: 5,443 GC heap before
{Heap before GC invocations=4 (full 0):
 PSYoungGen      total 18688K, used 18672K [0x9e040000, 0xa04c0000, 0xb35c0000)
  eden space 16128K, 100% used [0x9e040000,0x9f000000,0x9f000000)
  from space 2560K, 99% used [0x9f000000,0x9f27c090,0x9f280000)
  to   space 2560K, 0% used [0xa0240000,0xa0240000,0xa04c0000)
 ParOldGen       total 42240K, used 4228K [0x735c0000, 0x75f00000, 0x9e040000)
  object space 42240K, 10% used [0x735c0000,0x739e13a0,0x75f00000)
 PSPermGen       total 16384K, used 3886K [0x6f5c0000, 0x705c0000, 0x735c0000)
  object space 16384K, 23% used [0x6f5c0000,0x6f98bb70,0x705c0000)
Event: 5,472 GC heap after
Heap after GC invocations=4 (full 0):
 PSYoungGen      total 34816K, used 2544K [0x9e040000, 0xa04c0000, 0xb35c0000)
  eden space 32256K, 0% used [0x9e040000,0x9e040000,0x9ffc0000)
  from space 2560K, 99% used [0xa0240000,0xa04bc060,0xa04c0000)
  to   space 2560K, 0% used [0x9ffc0000,0x9ffc0000,0xa0240000)
 ParOldGen       total 42240K, used 6948K [0x735c0000, 0x75f00000, 0x9e040000)
  object space 42240K, 16% used [0x735c0000,0x73c89368,0x75f00000)
 PSPermGen       total 16384K, used 3886K [0x6f5c0000, 0x705c0000, 0x735c0000)
  object space 16384K, 23% used [0x6f5c0000,0x6f98bb70,0x705c0000)
}
Event: 6,596 GC heap before
{Heap before GC invocations=5 (full 0):
 PSYoungGen      total 34816K, used 34800K [0x9e040000, 0xa04c0000, 0xb35c0000)
  eden space 32256K, 100% used [0x9e040000,0x9ffc0000,0x9ffc0000)
  from space 2560K, 99% used [0xa0240000,0xa04bc060,0xa04c0000)
  to   space 2560K, 0% used [0x9ffc0000,0x9ffc0000,0xa0240000)
 ParOldGen       total 42240K, used 6948K [0x735c0000, 0x75f00000, 0x9e040000)
  object space 42240K, 16% used [0x735c0000,0x73c89368,0x75f00000)
 PSPermGen       total 16384K, used 3902K [0x6f5c0000, 0x705c0000, 0x735c0000)
  object space 16384K, 23% used [0x6f5c0000,0x6f98f980,0x705c0000)

